[debug] > Exec(early(addDefaultCommands), None, None)
[debug] > Exec(addDefaultCommands, None, None)
[debug] > Exec(early(initialize), None, None)
[debug] > Exec(initialize, None, None)
[debug] > Exec(boot, None, None)
[debug] > Exec(writeSbtVersion, None, None)
[debug] > Exec(reload, None, None)
[debug] > Exec(sbtStashOnFailure, None, None)
[debug] > Exec(onFailure loadFailed, None, None)
[debug] > Exec(loadp, None, None)
[info] welcome to sbt 1.4.6 (Oracle Corporation Java 1.8.0_271)
[debug] Load.defaultLoad until apply took 701.439807ms
[debug]           Load.loadUnit: plugins took 96.527274ms
[debug]           Load.loadUnit: defsScala took 0.329347ms
[debug] [Loading] Scanning directory /home/svogeti/Documents/twitterstream/project
[debug]             Load.loadUnit: mkEval took 9.851163ms
[debug] [Loading] Found non-root projects 
[debug] [Loading] Done in /home/svogeti/Documents/twitterstream/project, returning: ()
[debug] deducing auto plugins based on known facts Set(Atom(sbt.plugins.CorePlugin)) and clauses Clauses(List(Clause(Atom(sbt.plugins.JvmPlugin),Set(Atom(sbt.plugins.IvyPlugin))), Clause(Atom(sbt.ScriptedPlugin),Set(Atom(sbt.plugins.JvmPlugin))), Clause(Atom(sbt.plugins.SbtPlugin),Set(Atom(sbt.ScriptedPlugin))), Clause(Atom(sbt.plugins.SemanticdbPlugin),Set(Atom(sbt.plugins.JvmPlugin))), Clause(Atom(sbt.plugins.JUnitXmlReportPlugin),Set(Atom(sbt.plugins.JvmPlugin))), Clause(Atom(sbt.plugins.MiniDependencyTreePlugin),Set(Atom(sbt.plugins.JvmPlugin))), Clause(Atom(sbt.plugins.CorePlugin),Set(Atom(sbt.plugins.IvyPlugin))), Clause(Atom(sbt.plugins.IvyPlugin),Set(Atom(sbt.plugins.JvmPlugin))), Clause(Atom(sbt.plugins.JvmPlugin),Set(Atom(sbt.plugins.SemanticdbPlugin))), Clause(Atom(sbt.plugins.JvmPlugin),Set(Atom(sbt.plugins.JUnitXmlReportPlugin))), Clause(Atom(sbt.plugins.CorePlugin),Set(Atom(sbt.plugins.Giter8TemplatePlugin))), Clause(Atom(sbt.plugins.JvmPlugin),Set(Atom(sbt.plugins.MiniDependencyTreePlugin)))))
[debug]   :: deduced result: Matched(sbt.plugins.CorePlugin,sbt.plugins.Giter8TemplatePlugin,sbt.plugins.IvyPlugin,sbt.plugins.JvmPlugin,sbt.plugins.MiniDependencyTreePlugin,sbt.plugins.JUnitXmlReportPlugin,sbt.plugins.SemanticdbPlugin)
[debug] Plugins.deducer#function took 24.567365 ms
[info] loading settings for project twitterstream-build from plugins.sbt ...
[debug]               Load.resolveProject(twitterstream-build) took 64.758738ms
[debug]             Load.loadTransitive: finalizeProject(Project(id twitterstream-build, base: /home/svogeti/Documents/twitterstream/project, plugins: List(<none>))) took 115.23371ms
[debug] [Loading] Done in /home/svogeti/Documents/twitterstream/project, returning: (twitterstream-build)
[debug]           Load.loadUnit: loadedProjectsRaw took 454.045139ms
[debug]           Load.loadUnit: cleanEvalClasses took 7.684684ms
[debug]         Load.loadUnit(file:/home/svogeti/Documents/twitterstream/project/, ...) took 565.126387ms
[debug]       Load.apply: load took 696.513137ms
[debug]       Load.apply: resolveProjects took 7.865311ms
[debug]       Load.apply: finalTransforms took 82.708986ms
[debug]       Load.apply: config.delegates took 11.426661ms
[debug]       Load.apply: Def.make(settings)... took 620.620814ms
[debug]       Load.apply: structureIndex took 123.484344ms
[debug]       Load.apply: mkStreams took 1.936701ms
[info] loading project definition from /home/svogeti/Documents/twitterstream/project
[debug] Running task... Cancel: Signal, check cycles: false, forcegc: true
[debug]     Load.loadUnit: plugins took 2561.113491ms
[debug]     Load.loadUnit: defsScala took 0.00534ms
[debug] [Loading] Scanning directory /home/svogeti/Documents/twitterstream
[debug]       Load.loadUnit: mkEval took 0.273268ms
[debug] [Loading] Found non-root projects 
[debug] [Loading] Done in /home/svogeti/Documents/twitterstream, returning: ()
[debug] deducing auto plugins based on known facts Set(Atom(sbt.plugins.CorePlugin)) and clauses Clauses(List(Clause(Atom(sbt.plugins.JvmPlugin),Set(Atom(sbt.plugins.IvyPlugin))), Clause(Atom(sbt.ScriptedPlugin),Set(Atom(sbt.plugins.JvmPlugin))), Clause(Atom(sbt.plugins.SbtPlugin),Set(Atom(sbt.ScriptedPlugin))), Clause(Atom(sbt.plugins.SemanticdbPlugin),Set(Atom(sbt.plugins.JvmPlugin))), Clause(Atom(sbt.plugins.JUnitXmlReportPlugin),Set(Atom(sbt.plugins.JvmPlugin))), Clause(Atom(sbt.plugins.MiniDependencyTreePlugin),Set(Atom(sbt.plugins.JvmPlugin))), Clause(Atom(sbtide.ConfigPlugin),Set(Atom(sbt.plugins.JvmPlugin))), Clause(Atom(sbt.plugins.CorePlugin),Set(Atom(sbt.plugins.IvyPlugin))), Clause(Atom(sbt.plugins.IvyPlugin),Set(Atom(sbt.plugins.JvmPlugin))), Clause(Atom(sbt.plugins.JvmPlugin),Set(Atom(sbt.plugins.SemanticdbPlugin))), Clause(Atom(sbt.plugins.JvmPlugin),Set(Atom(sbt.plugins.JUnitXmlReportPlugin))), Clause(Atom(sbt.plugins.CorePlugin),Set(Atom(sbt.plugins.Giter8TemplatePlugin))), Clause(Atom(sbt.plugins.JvmPlugin),Set(Atom(sbt.plugins.MiniDependencyTreePlugin)))))
[debug]   :: deduced result: Matched(sbt.plugins.CorePlugin,sbt.plugins.Giter8TemplatePlugin,sbt.plugins.IvyPlugin,sbt.plugins.JvmPlugin,sbt.plugins.MiniDependencyTreePlugin,sbt.plugins.JUnitXmlReportPlugin,sbt.plugins.SemanticdbPlugin)
[debug] Plugins.deducer#function took 3.146284 ms
[info] loading settings for project twitterstream from build.sbt ...
[debug]         Load.resolveProject(twitterstream) took 1.800087ms
[debug]       Load.loadTransitive: finalizeProject(Project(id twitterstream, base: /home/svogeti/Documents/twitterstream, plugins: List(<none>))) took 5.654497ms
[debug] [Loading] Done in /home/svogeti/Documents/twitterstream, returning: (twitterstream)
[debug]     Load.loadUnit: loadedProjectsRaw took 33.866391ms
[debug]     Load.loadUnit: cleanEvalClasses took 1.589522ms
[debug]   Load.loadUnit(file:/home/svogeti/Documents/twitterstream/, ...) took 2598.451592ms
[debug] Load.apply: load took 2624.218428ms
[debug] Load.apply: resolveProjects took 0.144198ms
[debug] Load.apply: finalTransforms took 12.392788ms
[debug] Load.apply: config.delegates took 0.452413ms
[debug] Load.apply: Def.make(settings)... took 110.933591ms
[debug] Load.apply: structureIndex took 41.019248ms
[debug] Load.apply: mkStreams took 0.00272ms
[info] set current project to twitterstream (in build file:/home/svogeti/Documents/twitterstream/)
[warn] there's a key that's not used by any other settings/tasks:
[warn]  
[warn] * twitterstream / idePackagePrefix
[warn]   +- /home/svogeti/Documents/twitterstream/build.sbt:7
[warn]  
[warn] note: a setting might still be used by a command; to exclude a key from this `lintUnused` check
[warn] either append it to `Global / excludeLintKeys` or call .withRank(KeyRanks.Invisible) on the key
[debug] > Exec(sbtPopOnFailure, None, None)
[debug] > Exec(resumeFromFailure, None, None)
[debug] > Exec(notifyUsersAboutShell, None, None)
[debug] > Exec(iflast shell, None, None)
[debug] > Exec(shell, None, None)
[info] sbt server started at local:///home/svogeti/.sbt/1.0/server/b5db96bde10efc6b6284/sock
[info] started sbt server
