[debug] > Exec(early(addDefaultCommands), None, None)
[debug] > Exec(addDefaultCommands, None, None)
[debug] > Exec(early(initialize), None, None)
[debug] > Exec(initialize, None, None)
[debug] > Exec(boot, None, None)
[debug] > Exec(writeSbtVersion, None, None)
[debug] > Exec(reload, None, None)
[debug] > Exec(sbtStashOnFailure, None, None)
[debug] > Exec(onFailure loadFailed, None, None)
[debug] > Exec(loadp, None, None)
[info] welcome to sbt 1.4.6 (Oracle Corporation Java 1.8.0_271)
[debug] Load.defaultLoad until apply took 515.639827ms
[debug]           Load.loadUnit: plugins took 102.922664ms
[debug]           Load.loadUnit: defsScala took 0.432327ms
[debug] [Loading] Scanning directory /home/svogeti/Documents/twitterstream/project
[debug]             Load.loadUnit: mkEval took 9.307737ms
[debug] [Loading] Found non-root projects 
[debug] [Loading] Done in /home/svogeti/Documents/twitterstream/project, returning: ()
[debug] deducing auto plugins based on known facts Set(Atom(sbt.plugins.CorePlugin)) and clauses Clauses(List(Clause(Atom(sbt.plugins.JvmPlugin),Set(Atom(sbt.plugins.IvyPlugin))), Clause(Atom(sbt.ScriptedPlugin),Set(Atom(sbt.plugins.JvmPlugin))), Clause(Atom(sbt.plugins.SbtPlugin),Set(Atom(sbt.ScriptedPlugin))), Clause(Atom(sbt.plugins.SemanticdbPlugin),Set(Atom(sbt.plugins.JvmPlugin))), Clause(Atom(sbt.plugins.JUnitXmlReportPlugin),Set(Atom(sbt.plugins.JvmPlugin))), Clause(Atom(sbt.plugins.MiniDependencyTreePlugin),Set(Atom(sbt.plugins.JvmPlugin))), Clause(Atom(sbt.plugins.CorePlugin),Set(Atom(sbt.plugins.IvyPlugin))), Clause(Atom(sbt.plugins.IvyPlugin),Set(Atom(sbt.plugins.JvmPlugin))), Clause(Atom(sbt.plugins.JvmPlugin),Set(Atom(sbt.plugins.SemanticdbPlugin))), Clause(Atom(sbt.plugins.JvmPlugin),Set(Atom(sbt.plugins.JUnitXmlReportPlugin))), Clause(Atom(sbt.plugins.CorePlugin),Set(Atom(sbt.plugins.Giter8TemplatePlugin))), Clause(Atom(sbt.plugins.JvmPlugin),Set(Atom(sbt.plugins.MiniDependencyTreePlugin)))))
[debug]   :: deduced result: Matched(sbt.plugins.CorePlugin,sbt.plugins.Giter8TemplatePlugin,sbt.plugins.IvyPlugin,sbt.plugins.JvmPlugin,sbt.plugins.MiniDependencyTreePlugin,sbt.plugins.JUnitXmlReportPlugin,sbt.plugins.SemanticdbPlugin)
[debug] Plugins.deducer#function took 22.254143 ms
[info] loading settings for project twitterstream-build from plugins.sbt ...
[debug]               Load.resolveProject(twitterstream-build) took 46.753056ms
[debug]             Load.loadTransitive: finalizeProject(Project(id twitterstream-build, base: /home/svogeti/Documents/twitterstream/project, plugins: List(<none>))) took 79.900283ms
[debug] [Loading] Done in /home/svogeti/Documents/twitterstream/project, returning: (twitterstream-build)
[debug]           Load.loadUnit: loadedProjectsRaw took 2418.840808ms
[debug]           Load.loadUnit: cleanEvalClasses took 11.7354ms
[debug]         Load.loadUnit(file:/home/svogeti/Documents/twitterstream/project/, ...) took 2540.782258ms
[debug]       Load.apply: load took 2785.651513ms
[debug]       Load.apply: resolveProjects took 10.068532ms
[debug]       Load.apply: finalTransforms took 64.067832ms
[debug]       Load.apply: config.delegates took 6.902937ms
[debug]       Load.apply: Def.make(settings)... took 560.394649ms
[debug]       Load.apply: structureIndex took 124.860492ms
[debug]       Load.apply: mkStreams took 2.169215ms
[info] loading project definition from /home/svogeti/Documents/twitterstream/project
[debug] Running task... Cancel: Signal, check cycles: false, forcegc: true
[debug]     Load.loadUnit: plugins took 14135.706523ms
[debug]     Load.loadUnit: defsScala took 0.004839ms
[debug] [Loading] Scanning directory /home/svogeti/Documents/twitterstream
[debug]       Load.loadUnit: mkEval took 0.302432ms
[debug] [Loading] Found non-root projects 
[debug] [Loading] Done in /home/svogeti/Documents/twitterstream, returning: ()
[debug] deducing auto plugins based on known facts Set(Atom(sbt.plugins.CorePlugin)) and clauses Clauses(List(Clause(Atom(sbt.plugins.JvmPlugin),Set(Atom(sbt.plugins.IvyPlugin))), Clause(Atom(sbt.ScriptedPlugin),Set(Atom(sbt.plugins.JvmPlugin))), Clause(Atom(sbt.plugins.SbtPlugin),Set(Atom(sbt.ScriptedPlugin))), Clause(Atom(sbt.plugins.SemanticdbPlugin),Set(Atom(sbt.plugins.JvmPlugin))), Clause(Atom(sbt.plugins.JUnitXmlReportPlugin),Set(Atom(sbt.plugins.JvmPlugin))), Clause(Atom(sbt.plugins.MiniDependencyTreePlugin),Set(Atom(sbt.plugins.JvmPlugin))), Clause(Atom(sbtide.ConfigPlugin),Set(Atom(sbt.plugins.JvmPlugin))), Clause(Atom(sbt.plugins.CorePlugin),Set(Atom(sbt.plugins.IvyPlugin))), Clause(Atom(sbt.plugins.IvyPlugin),Set(Atom(sbt.plugins.JvmPlugin))), Clause(Atom(sbt.plugins.JvmPlugin),Set(Atom(sbt.plugins.SemanticdbPlugin))), Clause(Atom(sbt.plugins.JvmPlugin),Set(Atom(sbt.plugins.JUnitXmlReportPlugin))), Clause(Atom(sbt.plugins.CorePlugin),Set(Atom(sbt.plugins.Giter8TemplatePlugin))), Clause(Atom(sbt.plugins.JvmPlugin),Set(Atom(sbt.plugins.MiniDependencyTreePlugin)))))
[debug]   :: deduced result: Matched(sbt.plugins.CorePlugin,sbt.plugins.Giter8TemplatePlugin,sbt.plugins.IvyPlugin,sbt.plugins.JvmPlugin,sbt.plugins.MiniDependencyTreePlugin,sbt.plugins.JUnitXmlReportPlugin,sbt.plugins.SemanticdbPlugin)
[debug] Plugins.deducer#function took 2.068957 ms
[info] loading settings for project twitterstream from build.sbt ...
[debug]         Load.resolveProject(twitterstream) took 1.860001ms
[debug]       Load.loadTransitive: finalizeProject(Project(id twitterstream, base: /home/svogeti/Documents/twitterstream, plugins: List(<none>))) took 4.585466ms
[debug] [Loading] Done in /home/svogeti/Documents/twitterstream, returning: (twitterstream)
[debug]     Load.loadUnit: loadedProjectsRaw took 1245.121939ms
[debug]     Load.loadUnit: cleanEvalClasses took 0.870556ms
[debug]   Load.loadUnit(file:/home/svogeti/Documents/twitterstream/, ...) took 15388.442132ms
[debug] Load.apply: load took 15426.729768ms
[debug] Load.apply: resolveProjects took 0.145213ms
[debug] Load.apply: finalTransforms took 11.741322ms
[debug] Load.apply: config.delegates took 0.451125ms
[debug] Load.apply: Def.make(settings)... took 107.943463ms
[debug] Load.apply: structureIndex took 36.357118ms
[debug] Load.apply: mkStreams took 0.002891ms
[info] set current project to twitterstream (in build file:/home/svogeti/Documents/twitterstream/)
[warn] there's a key that's not used by any other settings/tasks:
[warn]  
[warn] * twitterstream / idePackagePrefix
[warn]   +- /home/svogeti/Documents/twitterstream/build.sbt:7
[warn]  
[warn] note: a setting might still be used by a command; to exclude a key from this `lintUnused` check
[warn] either append it to `Global / excludeLintKeys` or call .withRank(KeyRanks.Invisible) on the key
[debug] > Exec(sbtPopOnFailure, None, None)
[debug] > Exec(resumeFromFailure, None, None)
[debug] > Exec(notifyUsersAboutShell, None, None)
[debug] > Exec(iflast shell, None, None)
[debug] > Exec(shell, None, None)
[info] sbt server started at local:///home/svogeti/.sbt/1.0/server/b5db96bde10efc6b6284/sock
[info] started sbt server
